<?xml version="1.0" encoding="UTF-8"?>
<testng-results ignored="0" total="1" passed="1" failed="0" skipped="0">
  <reporter-output>
  </reporter-output>
  <suite started-at="2026-01-30T11:09:02 IST" name="Default suite" finished-at="2026-01-30T11:09:05 IST" duration-ms="3121">
    <groups>
    </groups>
    <test started-at="2026-01-30T11:09:02 IST" name="Default test" finished-at="2026-01-30T11:09:05 IST" duration-ms="3121">
      <class name="RestAPITesting.getUser2">
        <test-method signature="getUser()[pri:0, instance:RestAPITesting.getUser2@3c41ed1d]" started-at="2026-01-30T11:09:02 IST" name="getUser" finished-at="2026-01-30T11:09:05 IST" duration-ms="3069" status="PASS">
          <reporter-output>
          </reporter-output>
        </test-method> <!-- getUser -->
      </class> <!-- RestAPITesting.getUser2 -->
    </test> <!-- Default test -->
  </suite> <!-- Default suite -->
</testng-results>
